c:\myworks\oopcoursework\oopcoursework\debug\vc142.pdb
c:\myworks\oopcoursework\oopcoursework\debug\vc142.idb
c:\myworks\oopcoursework\oopcoursework\debug\emptycell.obj
c:\myworks\oopcoursework\oopcoursework\debug\bordercell.obj
c:\myworks\oopcoursework\oopcoursework\debug\main.obj
c:\myworks\oopcoursework\oopcoursework\debug\board.obj
c:\myworks\oopcoursework\oopcoursework\debug\nullcell.obj
c:\myworks\oopcoursework\oopcoursework\debug\screen.obj
c:\myworks\oopcoursework\oopcoursework\debug\game.obj
c:\myworks\oopcoursework\oopcoursework\debug\cell.obj
c:\myworks\oopcoursework\oopcoursework\debug\target.obj
c:\myworks\oopcoursework\oopcoursework\debug\shape2d.obj
c:\myworks\oopcoursework\oopcoursework\debug\target50.obj
c:\myworks\oopcoursework\oopcoursework\debug\target30.obj
c:\myworks\oopcoursework\oopcoursework\debug\target20.obj
c:\myworks\oopcoursework\oopcoursework\debug\targetinfo.obj
c:\myworks\oopcoursework\oopcoursework\debug\score.obj
c:\myworks\oopcoursework\oopcoursework\debug\printable.obj
c:\myworks\oopcoursework\debug\oopcoursework.exe
c:\myworks\oopcoursework\debug\oopcoursework.ilk
c:\myworks\oopcoursework\debug\oopcoursework.pdb
c:\myworks\oopcoursework\oopcoursework\debug\oopcoursework.tlog\cl.command.1.tlog
c:\myworks\oopcoursework\oopcoursework\debug\oopcoursework.tlog\cl.read.1.tlog
c:\myworks\oopcoursework\oopcoursework\debug\oopcoursework.tlog\cl.write.1.tlog
c:\myworks\oopcoursework\oopcoursework\debug\oopcoursework.tlog\link.command.1.tlog
c:\myworks\oopcoursework\oopcoursework\debug\oopcoursework.tlog\link.read.1.tlog
c:\myworks\oopcoursework\oopcoursework\debug\oopcoursework.tlog\link.write.1.tlog
